<?xml version="1.0" encoding="UTF-8"?>
<!-- Generated by org.testng.reporters.JUnitReportReporter -->
<testsuite hostname="DESKTOP-1KMDQFU" failures="0" tests="38" name="hrmstest.TestProcess" time="698.321" errors="0" timestamp="2023-08-21T18:02:37 IST" skipped="0">
  <testcase classname="hrmstest.TestProcess" name="testflow" time="17.874"/>
  <system-out/>
  <testcase classname="hrmstest.TestProcess" name="testflow" time="17.748"/>
  <system-out/>
  <testcase classname="hrmstest.TestProcess" name="testflow" time="20.805"/>
  <system-out/>
  <testcase classname="hrmstest.TestProcess" name="testflow" time="17.900"/>
  <system-out/>
  <testcase classname="hrmstest.TestProcess" name="testflow" time="17.737"/>
  <system-out/>
  <testcase classname="hrmstest.TestProcess" name="testflow" time="17.736"/>
  <system-out/>
  <testcase classname="hrmstest.TestProcess" name="testflow" time="18.967"/>
  <system-out/>
  <testcase classname="hrmstest.TestProcess" name="testflow" time="17.747"/>
  <system-out/>
  <testcase classname="hrmstest.TestProcess" name="testflow" time="17.821"/>
  <system-out/>
  <testcase classname="hrmstest.TestProcess" name="testflow" time="19.170"/>
  <system-out/>
  <testcase classname="hrmstest.TestProcess" name="testflow" time="17.755"/>
  <system-out/>
  <testcase classname="hrmstest.TestProcess" name="testflow" time="17.559"/>
  <system-out/>
  <testcase classname="hrmstest.TestProcess" name="testflow" time="18.489"/>
  <system-out/>
  <testcase classname="hrmstest.TestProcess" name="testflow" time="18.145"/>
  <system-out/>
  <testcase classname="hrmstest.TestProcess" name="testflow" time="18.296"/>
  <system-out/>
  <testcase classname="hrmstest.TestProcess" name="testflow" time="18.332"/>
  <system-out/>
  <testcase classname="hrmstest.TestProcess" name="testflow" time="18.218"/>
  <system-out/>
  <testcase classname="hrmstest.TestProcess" name="testflow" time="18.177"/>
  <system-out/>
  <testcase classname="hrmstest.TestProcess" name="testflow" time="18.109"/>
  <system-out/>
  <testcase classname="hrmstest.TestProcess" name="testflow" time="17.887"/>
  <system-out/>
  <testcase classname="hrmstest.TestProcess" name="testflow" time="17.945"/>
  <system-out/>
  <testcase classname="hrmstest.TestProcess" name="testflow" time="18.311"/>
  <system-out/>
  <testcase classname="hrmstest.TestProcess" name="testflow" time="18.501"/>
  <system-out/>
  <testcase classname="hrmstest.TestProcess" name="testflow" time="18.859"/>
  <system-out/>
  <testcase classname="hrmstest.TestProcess" name="testflow" time="21.373"/>
  <system-out/>
  <testcase classname="hrmstest.TestProcess" name="testflow" time="18.214"/>
  <system-out/>
  <testcase classname="hrmstest.TestProcess" name="testflow" time="18.259"/>
  <system-out/>
  <testcase classname="hrmstest.TestProcess" name="testflow" time="17.931"/>
  <system-out/>
  <testcase classname="hrmstest.TestProcess" name="testflow" time="18.571"/>
  <system-out/>
  <testcase classname="hrmstest.TestProcess" name="testflow" time="19.742"/>
  <system-out/>
  <testcase classname="hrmstest.TestProcess" name="testflow" time="17.853"/>
  <system-out/>
  <testcase classname="hrmstest.TestProcess" name="testflow" time="19.003"/>
  <system-out/>
  <testcase classname="hrmstest.TestProcess" name="testflow" time="18.872"/>
  <system-out/>
  <testcase classname="hrmstest.TestProcess" name="testflow" time="18.719"/>
  <system-out/>
  <testcase classname="hrmstest.TestProcess" name="testflow" time="17.559"/>
  <system-out/>
  <testcase classname="hrmstest.TestProcess" name="testflow" time="17.896"/>
  <system-out/>
  <testcase classname="hrmstest.TestProcess" name="testflow" time="18.270"/>
  <system-out/>
  <testcase classname="hrmstest.TestProcess" name="testflow" time="17.971"/>
  <system-out/>
</testsuite> <!-- hrmstest.TestProcess -->
